<?xml version="1.0" encoding="UTF-8"?>
<testsuite xmlns:xsi="http://www.w3.org/2001/XMLSchema-instance" xsi:noNamespaceSchemaLocation="https://maven.apache.org/surefire/maven-surefire-plugin/xsd/surefire-test-report.xsd" name="mall.smallumal.SmallUMalApplicationTests" time="1.971" tests="1" errors="0" skipped="0" failures="0">
  <properties>
    <property name="sun.desktop" value="windows"/>
    <property name="awt.toolkit" value="sun.awt.windows.WToolkit"/>
    <property name="file.encoding.pkg" value="sun.io"/>
    <property name="java.specification.version" value="1.8"/>
    <property name="sun.cpu.isalist" value="amd64"/>
    <property name="sun.jnu.encoding" value="GBK"/>
    <property name="java.class.path" value="F:\oracleks\small-u-mal\target\test-classes;F:\oracleks\small-u-mal\target\classes;E:\heima\repository\org\springframework\boot\spring-boot-starter-thymeleaf\2.6.2\spring-boot-starter-thymeleaf-2.6.2.jar;E:\heima\repository\org\springframework\boot\spring-boot-starter\2.6.2\spring-boot-starter-2.6.2.jar;E:\heima\repository\org\springframework\boot\spring-boot\2.6.2\spring-boot-2.6.2.jar;E:\heima\repository\org\springframework\boot\spring-boot-autoconfigure\2.6.2\spring-boot-autoconfigure-2.6.2.jar;E:\heima\repository\org\springframework\boot\spring-boot-starter-logging\2.6.2\spring-boot-starter-logging-2.6.2.jar;E:\heima\repository\ch\qos\logback\logback-classic\1.2.9\logback-classic-1.2.9.jar;E:\heima\repository\ch\qos\logback\logback-core\1.2.9\logback-core-1.2.9.jar;E:\heima\repository\org\apache\logging\log4j\log4j-to-slf4j\2.17.0\log4j-to-slf4j-2.17.0.jar;E:\heima\repository\org\apache\logging\log4j\log4j-api\2.17.0\log4j-api-2.17.0.jar;E:\heima\repository\org\slf4j\jul-to-slf4j\1.7.32\jul-to-slf4j-1.7.32.jar;E:\heima\repository\jakarta\annotation\jakarta.annotation-api\1.3.5\jakarta.annotation-api-1.3.5.jar;E:\heima\repository\org\yaml\snakeyaml\1.29\snakeyaml-1.29.jar;E:\heima\repository\org\thymeleaf\thymeleaf-spring5\3.0.14.RELEASE\thymeleaf-spring5-3.0.14.RELEASE.jar;E:\heima\repository\org\thymeleaf\thymeleaf\3.0.14.RELEASE\thymeleaf-3.0.14.RELEASE.jar;E:\heima\repository\org\attoparser\attoparser\2.0.5.RELEASE\attoparser-2.0.5.RELEASE.jar;E:\heima\repository\org\unbescape\unbescape\1.1.6.RELEASE\unbescape-1.1.6.RELEASE.jar;E:\heima\repository\org\slf4j\slf4j-api\1.7.32\slf4j-api-1.7.32.jar;E:\heima\repository\org\thymeleaf\extras\thymeleaf-extras-java8time\3.0.4.RELEASE\thymeleaf-extras-java8time-3.0.4.RELEASE.jar;E:\heima\repository\org\springframework\boot\spring-boot-starter-web\2.6.2\spring-boot-starter-web-2.6.2.jar;E:\heima\repository\org\springframework\boot\spring-boot-starter-json\2.6.2\spring-boot-starter-json-2.6.2.jar;E:\heima\repository\com\fasterxml\jackson\core\jackson-databind\2.13.1\jackson-databind-2.13.1.jar;E:\heima\repository\com\fasterxml\jackson\core\jackson-annotations\2.13.1\jackson-annotations-2.13.1.jar;E:\heima\repository\com\fasterxml\jackson\core\jackson-core\2.13.1\jackson-core-2.13.1.jar;E:\heima\repository\com\fasterxml\jackson\datatype\jackson-datatype-jdk8\2.13.1\jackson-datatype-jdk8-2.13.1.jar;E:\heima\repository\com\fasterxml\jackson\datatype\jackson-datatype-jsr310\2.13.1\jackson-datatype-jsr310-2.13.1.jar;E:\heima\repository\com\fasterxml\jackson\module\jackson-module-parameter-names\2.13.1\jackson-module-parameter-names-2.13.1.jar;E:\heima\repository\org\springframework\boot\spring-boot-starter-tomcat\2.6.2\spring-boot-starter-tomcat-2.6.2.jar;E:\heima\repository\org\apache\tomcat\embed\tomcat-embed-core\9.0.56\tomcat-embed-core-9.0.56.jar;E:\heima\repository\org\apache\tomcat\embed\tomcat-embed-el\9.0.56\tomcat-embed-el-9.0.56.jar;E:\heima\repository\org\apache\tomcat\embed\tomcat-embed-websocket\9.0.56\tomcat-embed-websocket-9.0.56.jar;E:\heima\repository\org\springframework\spring-web\5.3.14\spring-web-5.3.14.jar;E:\heima\repository\org\springframework\spring-beans\5.3.14\spring-beans-5.3.14.jar;E:\heima\repository\org\springframework\spring-webmvc\5.3.14\spring-webmvc-5.3.14.jar;E:\heima\repository\org\springframework\spring-aop\5.3.14\spring-aop-5.3.14.jar;E:\heima\repository\org\springframework\spring-context\5.3.14\spring-context-5.3.14.jar;E:\heima\repository\org\springframework\spring-expression\5.3.14\spring-expression-5.3.14.jar;E:\heima\repository\org\projectlombok\lombok\1.18.22\lombok-1.18.22.jar;E:\heima\repository\org\springframework\boot\spring-boot-starter-test\2.6.2\spring-boot-starter-test-2.6.2.jar;E:\heima\repository\org\springframework\boot\spring-boot-test\2.6.2\spring-boot-test-2.6.2.jar;E:\heima\repository\org\springframework\boot\spring-boot-test-autoconfigure\2.6.2\spring-boot-test-autoconfigure-2.6.2.jar;E:\heima\repository\com\jayway\jsonpath\json-path\2.6.0\json-path-2.6.0.jar;E:\heima\repository\net\minidev\json-smart\2.4.7\json-smart-2.4.7.jar;E:\heima\repository\net\minidev\accessors-smart\2.4.7\accessors-smart-2.4.7.jar;E:\heima\repository\org\ow2\asm\asm\9.1\asm-9.1.jar;E:\heima\repository\jakarta\xml\bind\jakarta.xml.bind-api\2.3.3\jakarta.xml.bind-api-2.3.3.jar;E:\heima\repository\jakarta\activation\jakarta.activation-api\1.2.2\jakarta.activation-api-1.2.2.jar;E:\heima\repository\org\assertj\assertj-core\3.21.0\assertj-core-3.21.0.jar;E:\heima\repository\org\hamcrest\hamcrest\2.2\hamcrest-2.2.jar;E:\heima\repository\org\junit\jupiter\junit-jupiter\5.8.2\junit-jupiter-5.8.2.jar;E:\heima\repository\org\junit\jupiter\junit-jupiter-api\5.8.2\junit-jupiter-api-5.8.2.jar;E:\heima\repository\org\opentest4j\opentest4j\1.2.0\opentest4j-1.2.0.jar;E:\heima\repository\org\junit\platform\junit-platform-commons\1.8.2\junit-platform-commons-1.8.2.jar;E:\heima\repository\org\apiguardian\apiguardian-api\1.1.2\apiguardian-api-1.1.2.jar;E:\heima\repository\org\junit\jupiter\junit-jupiter-params\5.8.2\junit-jupiter-params-5.8.2.jar;E:\heima\repository\org\junit\jupiter\junit-jupiter-engine\5.8.2\junit-jupiter-engine-5.8.2.jar;E:\heima\repository\org\junit\platform\junit-platform-engine\1.8.2\junit-platform-engine-1.8.2.jar;E:\heima\repository\org\mockito\mockito-core\4.0.0\mockito-core-4.0.0.jar;E:\heima\repository\net\bytebuddy\byte-buddy\1.11.22\byte-buddy-1.11.22.jar;E:\heima\repository\net\bytebuddy\byte-buddy-agent\1.11.22\byte-buddy-agent-1.11.22.jar;E:\heima\repository\org\objenesis\objenesis\3.2\objenesis-3.2.jar;E:\heima\repository\org\mockito\mockito-junit-jupiter\4.0.0\mockito-junit-jupiter-4.0.0.jar;E:\heima\repository\org\skyscreamer\jsonassert\1.5.0\jsonassert-1.5.0.jar;E:\heima\repository\com\vaadin\external\google\android-json\0.0.20131108.vaadin1\android-json-0.0.20131108.vaadin1.jar;E:\heima\repository\org\springframework\spring-core\5.3.14\spring-core-5.3.14.jar;E:\heima\repository\org\springframework\spring-jcl\5.3.14\spring-jcl-5.3.14.jar;E:\heima\repository\org\springframework\spring-test\5.3.14\spring-test-5.3.14.jar;E:\heima\repository\org\xmlunit\xmlunit-core\2.8.4\xmlunit-core-2.8.4.jar;"/>
    <property name="java.vm.vendor" value="Oracle Corporation"/>
    <property name="sun.arch.data.model" value="64"/>
    <property name="user.variant" value=""/>
    <property name="java.vendor.url" value="http://java.oracle.com/"/>
    <property name="user.timezone" value="Asia/Shanghai"/>
    <property name="java.vm.specification.version" value="1.8"/>
    <property name="os.name" value="Windows 10"/>
    <property name="user.country" value="CN"/>
    <property name="sun.java.launcher" value="SUN_STANDARD"/>
    <property name="sun.boot.library.path" value="F:\soft\jdk1.8\jre\bin"/>
    <property name="sun.java.command" value="C:\Users\20552\AppData\Local\Temp\surefire2597769538778225608\surefirebooter2930427379538807659.jar C:\Users\20552\AppData\Local\Temp\surefire2597769538778225608 2021-12-26T12-10-55_860-jvmRun1 surefire7428860339664331348tmp surefire_0792615848576573897tmp"/>
    <property name="surefire.test.class.path" value="F:\oracleks\small-u-mal\target\test-classes;F:\oracleks\small-u-mal\target\classes;E:\heima\repository\org\springframework\boot\spring-boot-starter-thymeleaf\2.6.2\spring-boot-starter-thymeleaf-2.6.2.jar;E:\heima\repository\org\springframework\boot\spring-boot-starter\2.6.2\spring-boot-starter-2.6.2.jar;E:\heima\repository\org\springframework\boot\spring-boot\2.6.2\spring-boot-2.6.2.jar;E:\heima\repository\org\springframework\boot\spring-boot-autoconfigure\2.6.2\spring-boot-autoconfigure-2.6.2.jar;E:\heima\repository\org\springframework\boot\spring-boot-starter-logging\2.6.2\spring-boot-starter-logging-2.6.2.jar;E:\heima\repository\ch\qos\logback\logback-classic\1.2.9\logback-classic-1.2.9.jar;E:\heima\repository\ch\qos\logback\logback-core\1.2.9\logback-core-1.2.9.jar;E:\heima\repository\org\apache\logging\log4j\log4j-to-slf4j\2.17.0\log4j-to-slf4j-2.17.0.jar;E:\heima\repository\org\apache\logging\log4j\log4j-api\2.17.0\log4j-api-2.17.0.jar;E:\heima\repository\org\slf4j\jul-to-slf4j\1.7.32\jul-to-slf4j-1.7.32.jar;E:\heima\repository\jakarta\annotation\jakarta.annotation-api\1.3.5\jakarta.annotation-api-1.3.5.jar;E:\heima\repository\org\yaml\snakeyaml\1.29\snakeyaml-1.29.jar;E:\heima\repository\org\thymeleaf\thymeleaf-spring5\3.0.14.RELEASE\thymeleaf-spring5-3.0.14.RELEASE.jar;E:\heima\repository\org\thymeleaf\thymeleaf\3.0.14.RELEASE\thymeleaf-3.0.14.RELEASE.jar;E:\heima\repository\org\attoparser\attoparser\2.0.5.RELEASE\attoparser-2.0.5.RELEASE.jar;E:\heima\repository\org\unbescape\unbescape\1.1.6.RELEASE\unbescape-1.1.6.RELEASE.jar;E:\heima\repository\org\slf4j\slf4j-api\1.7.32\slf4j-api-1.7.32.jar;E:\heima\repository\org\thymeleaf\extras\thymeleaf-extras-java8time\3.0.4.RELEASE\thymeleaf-extras-java8time-3.0.4.RELEASE.jar;E:\heima\repository\org\springframework\boot\spring-boot-starter-web\2.6.2\spring-boot-starter-web-2.6.2.jar;E:\heima\repository\org\springframework\boot\spring-boot-starter-json\2.6.2\spring-boot-starter-json-2.6.2.jar;E:\heima\repository\com\fasterxml\jackson\core\jackson-databind\2.13.1\jackson-databind-2.13.1.jar;E:\heima\repository\com\fasterxml\jackson\core\jackson-annotations\2.13.1\jackson-annotations-2.13.1.jar;E:\heima\repository\com\fasterxml\jackson\core\jackson-core\2.13.1\jackson-core-2.13.1.jar;E:\heima\repository\com\fasterxml\jackson\datatype\jackson-datatype-jdk8\2.13.1\jackson-datatype-jdk8-2.13.1.jar;E:\heima\repository\com\fasterxml\jackson\datatype\jackson-datatype-jsr310\2.13.1\jackson-datatype-jsr310-2.13.1.jar;E:\heima\repository\com\fasterxml\jackson\module\jackson-module-parameter-names\2.13.1\jackson-module-parameter-names-2.13.1.jar;E:\heima\repository\org\springframework\boot\spring-boot-starter-tomcat\2.6.2\spring-boot-starter-tomcat-2.6.2.jar;E:\heima\repository\org\apache\tomcat\embed\tomcat-embed-core\9.0.56\tomcat-embed-core-9.0.56.jar;E:\heima\repository\org\apache\tomcat\embed\tomcat-embed-el\9.0.56\tomcat-embed-el-9.0.56.jar;E:\heima\repository\org\apache\tomcat\embed\tomcat-embed-websocket\9.0.56\tomcat-embed-websocket-9.0.56.jar;E:\heima\repository\org\springframework\spring-web\5.3.14\spring-web-5.3.14.jar;E:\heima\repository\org\springframework\spring-beans\5.3.14\spring-beans-5.3.14.jar;E:\heima\repository\org\springframework\spring-webmvc\5.3.14\spring-webmvc-5.3.14.jar;E:\heima\repository\org\springframework\spring-aop\5.3.14\spring-aop-5.3.14.jar;E:\heima\repository\org\springframework\spring-context\5.3.14\spring-context-5.3.14.jar;E:\heima\repository\org\springframework\spring-expression\5.3.14\spring-expression-5.3.14.jar;E:\heima\repository\org\projectlombok\lombok\1.18.22\lombok-1.18.22.jar;E:\heima\repository\org\springframework\boot\spring-boot-starter-test\2.6.2\spring-boot-starter-test-2.6.2.jar;E:\heima\repository\org\springframework\boot\spring-boot-test\2.6.2\spring-boot-test-2.6.2.jar;E:\heima\repository\org\springframework\boot\spring-boot-test-autoconfigure\2.6.2\spring-boot-test-autoconfigure-2.6.2.jar;E:\heima\repository\com\jayway\jsonpath\json-path\2.6.0\json-path-2.6.0.jar;E:\heima\repository\net\minidev\json-smart\2.4.7\json-smart-2.4.7.jar;E:\heima\repository\net\minidev\accessors-smart\2.4.7\accessors-smart-2.4.7.jar;E:\heima\repository\org\ow2\asm\asm\9.1\asm-9.1.jar;E:\heima\repository\jakarta\xml\bind\jakarta.xml.bind-api\2.3.3\jakarta.xml.bind-api-2.3.3.jar;E:\heima\repository\jakarta\activation\jakarta.activation-api\1.2.2\jakarta.activation-api-1.2.2.jar;E:\heima\repository\org\assertj\assertj-core\3.21.0\assertj-core-3.21.0.jar;E:\heima\repository\org\hamcrest\hamcrest\2.2\hamcrest-2.2.jar;E:\heima\repository\org\junit\jupiter\junit-jupiter\5.8.2\junit-jupiter-5.8.2.jar;E:\heima\repository\org\junit\jupiter\junit-jupiter-api\5.8.2\junit-jupiter-api-5.8.2.jar;E:\heima\repository\org\opentest4j\opentest4j\1.2.0\opentest4j-1.2.0.jar;E:\heima\repository\org\junit\platform\junit-platform-commons\1.8.2\junit-platform-commons-1.8.2.jar;E:\heima\repository\org\apiguardian\apiguardian-api\1.1.2\apiguardian-api-1.1.2.jar;E:\heima\repository\org\junit\jupiter\junit-jupiter-params\5.8.2\junit-jupiter-params-5.8.2.jar;E:\heima\repository\org\junit\jupiter\junit-jupiter-engine\5.8.2\junit-jupiter-engine-5.8.2.jar;E:\heima\repository\org\junit\platform\junit-platform-engine\1.8.2\junit-platform-engine-1.8.2.jar;E:\heima\repository\org\mockito\mockito-core\4.0.0\mockito-core-4.0.0.jar;E:\heima\repository\net\bytebuddy\byte-buddy\1.11.22\byte-buddy-1.11.22.jar;E:\heima\repository\net\bytebuddy\byte-buddy-agent\1.11.22\byte-buddy-agent-1.11.22.jar;E:\heima\repository\org\objenesis\objenesis\3.2\objenesis-3.2.jar;E:\heima\repository\org\mockito\mockito-junit-jupiter\4.0.0\mockito-junit-jupiter-4.0.0.jar;E:\heima\repository\org\skyscreamer\jsonassert\1.5.0\jsonassert-1.5.0.jar;E:\heima\repository\com\vaadin\external\google\android-json\0.0.20131108.vaadin1\android-json-0.0.20131108.vaadin1.jar;E:\heima\repository\org\springframework\spring-core\5.3.14\spring-core-5.3.14.jar;E:\heima\repository\org\springframework\spring-jcl\5.3.14\spring-jcl-5.3.14.jar;E:\heima\repository\org\springframework\spring-test\5.3.14\spring-test-5.3.14.jar;E:\heima\repository\org\xmlunit\xmlunit-core\2.8.4\xmlunit-core-2.8.4.jar;"/>
    <property name="sun.cpu.endian" value="little"/>
    <property name="user.home" value="C:\Users\20552"/>
    <property name="user.language" value="zh"/>
    <property name="java.specification.vendor" value="Oracle Corporation"/>
    <property name="java.home" value="F:\soft\jdk1.8\jre"/>
    <property name="basedir" value="F:\oracleks\small-u-mal"/>
    <property name="file.separator" value="\"/>
    <property name="line.separator" value="&#10;"/>
    <property name="java.vm.specification.vendor" value="Oracle Corporation"/>
    <property name="java.specification.name" value="Java Platform API Specification"/>
    <property name="java.awt.graphicsenv" value="sun.awt.Win32GraphicsEnvironment"/>
    <property name="idea.version2020.1.1" value="true"/>
    <property name="surefire.real.class.path" value="C:\Users\20552\AppData\Local\Temp\surefire2597769538778225608\surefirebooter2930427379538807659.jar"/>
    <property name="sun.boot.class.path" value="F:\soft\jdk1.8\jre\lib\resources.jar;F:\soft\jdk1.8\jre\lib\rt.jar;F:\soft\jdk1.8\jre\lib\sunrsasign.jar;F:\soft\jdk1.8\jre\lib\jsse.jar;F:\soft\jdk1.8\jre\lib\jce.jar;F:\soft\jdk1.8\jre\lib\charsets.jar;F:\soft\jdk1.8\jre\lib\jfr.jar;F:\soft\jdk1.8\jre\classes"/>
    <property name="user.script" value=""/>
    <property name="sun.management.compiler" value="HotSpot 64-Bit Tiered Compilers"/>
    <property name="java.runtime.version" value="1.8.0_162-b12"/>
    <property name="user.name" value="20552"/>
    <property name="path.separator" value=";"/>
    <property name="os.version" value="10.0"/>
    <property name="java.endorsed.dirs" value="F:\soft\jdk1.8\jre\lib\endorsed"/>
    <property name="java.runtime.name" value="Java(TM) SE Runtime Environment"/>
    <property name="file.encoding" value="GBK"/>
    <property name="java.vm.name" value="Java HotSpot(TM) 64-Bit Server VM"/>
    <property name="localRepository" value="E:\heima\repository"/>
    <property name="java.vendor.url.bug" value="http://bugreport.sun.com/bugreport/"/>
    <property name="java.io.tmpdir" value="C:\Users\20552\AppData\Local\Temp\"/>
    <property name="java.version" value="1.8.0_162"/>
    <property name="user.dir" value="F:\oracleks\small-u-mal"/>
    <property name="os.arch" value="amd64"/>
    <property name="java.vm.specification.name" value="Java Virtual Machine Specification"/>
    <property name="java.awt.printerjob" value="sun.awt.windows.WPrinterJob"/>
    <property name="sun.os.patch.level" value=""/>
    <property name="java.library.path" value="F:\soft\jdk1.8\jre\bin;C:\Windows\Sun\Java\bin;C:\Windows\system32;C:\Windows;F:\app\scot\product\12.1.0\dbhome_1\bin;F:\soft\bin\;C:\Windows\system32;C:\Windows;C:\Windows\System32\Wbem;C:\Windows\System32\WindowsPowerShell\v1.0\;C:\Windows\System32\OpenSSH\;C:\Program Files (x86)\NVIDIA Corporation\PhysX\Common;C:\Program Files\NVIDIA Corporation\NVIDIA NvDLISR;F:\soft\jdk1.8\bin;D:\apache-maven-3.5.2\bin;C:\Program Files\MySQL\MySQL Utilities 1.6\;C:\Program Files\nodejs\;C:\Program Files\Git\cmd;E:\py\models\research;E:\py\models\research\slim;C:\Users\20552\AppData\Local\Programs\Python\Python310\Scripts\;C:\Users\20552\AppData\Local\Programs\Python\Python310\;C:\Users\20552\AppData\Local\Programs\Python\Python36-32\Scripts\;C:\Users\20552\AppData\Local\Programs\Python\Python36-32\;C:\Users\20552\AppData\Local\Microsoft\WindowsApps;;F:\soft\Microsoft VS Code\bin;C:\Users\20552\AppData\Roaming\npm;."/>
    <property name="java.vm.info" value="mixed mode"/>
    <property name="java.vendor" value="Oracle Corporation"/>
    <property name="java.vm.version" value="25.162-b12"/>
    <property name="java.ext.dirs" value="F:\soft\jdk1.8\jre\lib\ext;C:\Windows\Sun\Java\lib\ext"/>
    <property name="sun.io.unicode.encoding" value="UnicodeLittle"/>
    <property name="java.class.version" value="52.0"/>
  </properties>
  <testcase name="contextLoads" classname="mall.smallumal.SmallUMalApplicationTests" time="0.31"/>
</testsuite>